<?xml version="1.0" encoding="UTF-8"?>
<testsuite name="com.packtpublishing.tddjava.ch04ship.PointSpec" tests="2" skipped="0" failures="0" errors="0" timestamp="2017-10-29T01:32:17" hostname="DESKTOP-0UNLB15" time="0.002">
  <properties/>
  <testcase name="whenInstantiatedThenXIsSet" classname="com.packtpublishing.tddjava.ch04ship.PointSpec" time="0.0"/>
  <testcase name="whenInstantiatedThenYIsSet" classname="com.packtpublishing.tddjava.ch04ship.PointSpec" time="0.001"/>
  <system-out><![CDATA[]]></system-out>
  <system-err><![CDATA[]]></system-err>
</testsuite>
